<?xml version="1.0" encoding="utf-8"?><testsuite errors="0" failures="0" name="pytest" skips="0" tests="11" time="0.027"><testcase classname="test_bowling.BowlingGameTest" name="test_all_ones" time="0.00017905235290527344"/><testcase classname="test_bowling.BowlingGameTest" name="test_gutter_game" time="8.320808410644531e-05"/><testcase classname="test_bowling.BowlingGameTest" name="test_one_spare" time="8.177757263183594e-05"/><testcase classname="test_bowling.BowlingGameTest" name="test_one_strike" time="8.058547973632812e-05"/><testcase classname="test_bowling.BowlingGameTest" name="test_perfect_game" time="8.296966552734375e-05"/><testcase classname="test_bowling.BowlingGameTest" name="test_roll_raises_exception_on_text" time="8.416175842285156e-05"/><testcase classname="test_pytest_bowling" name="test_gutter_game" time="0.00011968612670898438"/><testcase classname="test_pytest_bowling" name="test_fixed_scores[20-1-20]" time="8.821487426757812e-05"/><testcase classname="test_pytest_bowling" name="test_fixed_scores[20-2-40]" time="8.511543273925781e-05"/><testcase classname="test_pytest_bowling" name="test_fixed_scores[21-5-150]" time="8.535385131835938e-05"/><testcase classname="test_pytest_bowling" name="test_fixed_scores[12-10-300]" time="8.177757263183594e-05"/></testsuite>